<?xml version="1.0" encoding="UTF-8"?>
<!-- Generated by org.testng.reporters.JUnitXMLReporter -->
<testsuite hostname="LAPTOP-QMV9CH4S" ignored="0" name="Command line test" tests="37" failures="3" timestamp="2020-05-19T05:15:46 PDT" time="0.255" errors="0">
  <testcase name="negetive" time="0.006" classname="com.test.stream.BinaryTest"/>
  <testcase name="positive" time="0.001" classname="com.test.stream.BinaryTest"/>
  <testcase name="positiveNegetive" time="0.0" classname="com.test.stream.BinaryTest"/>
  <testcase name="positiveZero" time="0.001" classname="com.test.stream.BinaryTest"/>
  <testcase name="zero" time="0.0" classname="com.test.stream.BinaryTest"/>
  <testcase name="zeroNegetive" time="0.0" classname="com.test.stream.BinaryTest"/>
  <testcase name="Zero" time="0.02" classname="com.test.stream.CompareTest$ComparatorTest"/>
  <testcase name="negetiveZero" time="0.001" classname="com.test.stream.CompareTest$ComparatorTest"/>
  <testcase name="negitive" time="0.002" classname="com.test.stream.CompareTest$ComparatorTest"/>
  <testcase name="positive" time="0.0" classname="com.test.stream.CompareTest$ComparatorTest"/>
  <testcase name="positiveNegetive" time="0.0" classname="com.test.stream.CompareTest$ComparatorTest"/>
  <testcase name="negitive" time="0.002" classname="com.test.stream.ComperatorTest"/>
  <testcase name="numbers" time="0.001" classname="com.test.stream.ComperatorTest"/>
  <testcase name="positive" time="0.0" classname="com.test.stream.ComperatorTest"/>
  <testcase name="positiveNegetive" time="0.0" classname="com.test.stream.ComperatorTest"/>
  <testcase name="zero" time="0.0" classname="com.test.stream.ComperatorTest"/>
  <testcase name="example" time="0.027" classname="com.test.stream.DayTest"/>
  <testcase name="test" time="0.001" classname="com.test.stream.DemoMethodTest"/>
  <testcase name="checkEven" time="0.001" classname="com.test.stream.FilterTest"/>
  <testcase name="checkOdd" time="0.002" classname="com.test.stream.FilterTest">
    <failure type="java.lang.AssertionError" message="Lists differ at element [0]: 1 != 2 expected [1] but found [2]">
      <![CDATA[java.lang.AssertionError: Lists differ at element [0]: 1 != 2 expected [1] but found [2]
at com.test.stream.FilterTest.checkOdd(FilterTest.java:42)
at java.util.ArrayList.forEach(ArrayList.java:1255)
... Removed 41 stack frames]]>
    </failure>
  </testcase> <!-- checkOdd -->
  <testcase name="checkZero" time="0.0" classname="com.test.stream.FilterTest">
    <failure type="java.lang.AssertionError" message="lists don&amp;apos;t have the same size expected [2] but found [1]">
      <![CDATA[java.lang.AssertionError: lists don't have the same size expected [2] but found [1]
at com.test.stream.FilterTest.checkZero(FilterTest.java:52)
at java.util.ArrayList.forEach(ArrayList.java:1255)
... Removed 43 stack frames]]>
    </failure>
  </testcase> <!-- checkZero -->
  <testcase name="TestWithEvenNum" time="0.001" classname="com.test.stream.MapTest"/>
  <testcase name="TestWithMinusNum" time="0.001" classname="com.test.stream.MapTest"/>
  <testcase name="TestWithOddNum" time="0.0" classname="com.test.stream.MapTest"/>
  <testcase name="TestWithZero" time="0.0" classname="com.test.stream.MapTest"/>
  <testcase name="testWithMultiplyNum" time="0.0" classname="com.test.stream.MapTest"/>
  <testcase name="Null" time="0.002" classname="com.test.stream.NumberStreamTest"/>
  <testcase name="PositiveNegetive" time="0.001" classname="com.test.stream.NumberStreamTest">
    <failure type="java.lang.AssertionError" message="expected [true] but found [false]">
      <![CDATA[java.lang.AssertionError: expected [true] but found [false]
at com.test.stream.NumberStreamTest.PositiveNegetive(NumberStreamTest.java:36)
at java.util.ArrayList.forEach(ArrayList.java:1255)
... Removed 42 stack frames]]>
    </failure>
  </testcase> <!-- PositiveNegetive -->
  <testcase name="duplicateNum" time="0.0" classname="com.test.stream.NumberStreamTest"/>
  <testcase name="negetive" time="0.0" classname="com.test.stream.NumberStreamTest"/>
  <testcase name="positive" time="0.0" classname="com.test.stream.NumberStreamTest"/>
  <testcase name="zero" time="0.001" classname="com.test.stream.NumberStreamTest"/>
  <testcase name="countsLowercaseLetterExample" time="0.043" classname="com.test.stream.StringLowerCaseTest"/>
  <testcase name="findsMostLowercaseString" time="0.005" classname="com.test.stream.StringLowerCaseTest"/>
  <testcase name="noLowercaseLettersInAnEmptyString" time="0.002" classname="com.test.stream.StringLowerCaseTest"/>
  <testcase name="noStringReturnedForEmptyList" time="0.0" classname="com.test.stream.StringLowerCaseTest"/>
  <testcase name="suppoertsNoLowercaseLetters" time="0.0" classname="com.test.stream.StringLowerCaseTest"/>
</testsuite> <!-- Command line test -->
